\BOOKMARK [0][-]{chapter*.1}{Abstract}{}% 1
\BOOKMARK [0][-]{chapter*.2}{Resum\351}{}% 2
\BOOKMARK [0][-]{chapter*.3}{Acknowledgments}{}% 3
\BOOKMARK [0][-]{chapter.1}{Introduction}{}% 4
\BOOKMARK [1][-]{section.1.1}{The Problem}{chapter.1}% 5
\BOOKMARK [1][-]{section.1.2}{Related Work}{chapter.1}% 6
\BOOKMARK [2][-]{subsection.1.2.1}{Price Prediction Systems}{section.1.2}% 7
\BOOKMARK [2][-]{subsection.1.2.2}{Green Energy Production}{section.1.2}% 8
\BOOKMARK [2][-]{subsection.1.2.3}{Decision Support Systems}{section.1.2}% 9
\BOOKMARK [1][-]{section.1.3}{The Method}{chapter.1}% 10
\BOOKMARK [1][-]{section.1.4}{The Hypothesis}{chapter.1}% 11
\BOOKMARK [0][-]{chapter.2}{Main Concepts}{}% 12
\BOOKMARK [1][-]{section.2.1}{Machine Learning}{chapter.2}% 13
\BOOKMARK [1][-]{section.2.2}{Artificial Neural Network}{chapter.2}% 14
\BOOKMARK [2][-]{subsection.2.2.1}{Unsupervised learning}{section.2.2}% 15
\BOOKMARK [2][-]{subsection.2.2.2}{Supervised learning}{section.2.2}% 16
\BOOKMARK [2][-]{subsection.2.2.3}{Common pitfalls}{section.2.2}% 17
\BOOKMARK [2][-]{subsection.2.2.4}{Summary}{section.2.2}% 18
\BOOKMARK [1][-]{section.2.3}{Prediction}{chapter.2}% 19
\BOOKMARK [2][-]{subsection.2.3.1}{Electricity Demand}{section.2.3}% 20
\BOOKMARK [2][-]{subsection.2.3.2}{Wind Power Production}{section.2.3}% 21
\BOOKMARK [2][-]{subsection.2.3.3}{Electricity Prices}{section.2.3}% 22
\BOOKMARK [2][-]{subsection.2.3.4}{Summary}{section.2.3}% 23
\BOOKMARK [1][-]{section.2.4}{Decision support}{chapter.2}% 24
\BOOKMARK [2][-]{subsection.2.4.1}{Decision Support Systems}{section.2.4}% 25
\BOOKMARK [2][-]{subsection.2.4.2}{Presentation of Uncertain Information}{section.2.4}% 26
\BOOKMARK [2][-]{subsection.2.4.3}{Summary}{section.2.4}% 27
\BOOKMARK [0][-]{chapter.3}{The Prediction Networks}{}% 28
\BOOKMARK [1][-]{section.3.1}{Data Collection}{chapter.3}% 29
\BOOKMARK [1][-]{section.3.2}{Wind Power Prediction}{chapter.3}% 30
\BOOKMARK [2][-]{subsection.3.2.1}{Input Data}{section.3.2}% 31
\BOOKMARK [2][-]{subsection.3.2.2}{Modelling Artificial Neural Network}{section.3.2}% 32
\BOOKMARK [1][-]{section.3.3}{Electricity Price Prediction}{chapter.3}% 33
\BOOKMARK [0][-]{chapter.4}{Conclusion}{}% 34
\BOOKMARK [0][-]{chapter.4}{Bibliography}{}% 35
